<?xml version="1.0" encoding="UTF-8"?>
<!-- Generated by org.testng.reporters.JUnitReportReporter -->
<testsuite skipped="0" hostname="DESKTOP-HO72AL1" name="com.ecom.scripts.TC004" tests="5" failures="0" timestamp="2020-10-12T20:37:16 IST" time="172.856" errors="0">
  <testcase name="multipleProductCount" time="36.458" classname="com.ecom.scripts.TC004"/>
  <system-out/>
  <testcase name="multipleProductCount" time="37.030" classname="com.ecom.scripts.TC004"/>
  <system-out/>
  <testcase name="multipleProductCount" time="30.695" classname="com.ecom.scripts.TC004"/>
  <system-out/>
  <testcase name="multipleProductCount" time="35.043" classname="com.ecom.scripts.TC004"/>
  <system-out/>
  <testcase name="multipleProductCount" time="33.630" classname="com.ecom.scripts.TC004"/>
  <system-out/>
</testsuite> <!-- com.ecom.scripts.TC004 -->
