<?xml version="1.0" encoding="UTF-8"?>
<!-- Generated by org.testng.reporters.JUnitReportReporter -->
<testsuite skipped="0" hostname="DESKTOP-HO72AL1" name="com.ecom.scripts.TC003" tests="1" failures="0" timestamp="2020-11-05T11:58:01 IST" time="26.393" errors="0">
  <testcase name="addToCartMethod" time="26.393" classname="com.ecom.scripts.TC003"/>
  <system-out/>
</testsuite> <!-- com.ecom.scripts.TC003 -->
