<?xml version="1.0" encoding="UTF-8"?>
<!-- Generated by org.testng.reporters.JUnitReportReporter -->
<testsuite skipped="0" hostname="DESKTOP-HO72AL1" name="com.ecom.scripts.TC002" tests="15" failures="0" timestamp="2020-10-12T17:05:48 IST" time="256.957" errors="0">
  <testcase name="invaldLogin" time="14.559" classname="com.ecom.scripts.TC002"/>
  <system-out/>
  <testcase name="invaldLogin" time="20.063" classname="com.ecom.scripts.TC002"/>
  <system-out/>
  <testcase name="invaldLogin" time="16.482" classname="com.ecom.scripts.TC002"/>
  <system-out/>
  <testcase name="invaldLogin" time="14.629" classname="com.ecom.scripts.TC002"/>
  <system-out/>
  <testcase name="invaldLogin" time="18.339" classname="com.ecom.scripts.TC002"/>
  <system-out/>
  <testcase name="invaldLogin" time="16.490" classname="com.ecom.scripts.TC002"/>
  <system-out/>
  <testcase name="invaldLogin" time="15.622" classname="com.ecom.scripts.TC002"/>
  <system-out/>
  <testcase name="invaldLogin" time="13.350" classname="com.ecom.scripts.TC002"/>
  <system-out/>
  <testcase name="invaldLogin" time="18.920" classname="com.ecom.scripts.TC002"/>
  <system-out/>
  <testcase name="invaldLogin" time="13.507" classname="com.ecom.scripts.TC002"/>
  <system-out/>
  <testcase name="invaldLogin" time="18.136" classname="com.ecom.scripts.TC002"/>
  <system-out/>
  <testcase name="invaldLogin" time="14.223" classname="com.ecom.scripts.TC002"/>
  <system-out/>
  <testcase name="invaldLogin" time="31.857" classname="com.ecom.scripts.TC002"/>
  <system-out/>
  <testcase name="invaldLogin" time="12.594" classname="com.ecom.scripts.TC002"/>
  <system-out/>
  <testcase name="invaldLogin" time="18.186" classname="com.ecom.scripts.TC002"/>
  <system-out/>
</testsuite> <!-- com.ecom.scripts.TC002 -->
