<?xml version="1.0" encoding="UTF-8"?>
<!-- Generated by org.testng.reporters.JUnitReportReporter -->
<testsuite skipped="0" hostname="DESKTOP-HO72AL1" name="com.ecom.scripts.TC002" tests="5" failures="0" timestamp="2020-10-12T18:43:15 IST" time="31.583" errors="0">
  <testcase name="invaldLogin" time="7.000" classname="com.ecom.scripts.TC002"/>
  <system-out/>
  <testcase name="invaldLogin" time="6.760" classname="com.ecom.scripts.TC002"/>
  <system-out/>
  <testcase name="invaldLogin" time="5.602" classname="com.ecom.scripts.TC002"/>
  <system-out/>
  <testcase name="invaldLogin" time="6.354" classname="com.ecom.scripts.TC002"/>
  <system-out/>
  <testcase name="invaldLogin" time="5.867" classname="com.ecom.scripts.TC002"/>
  <system-out/>
</testsuite> <!-- com.ecom.scripts.TC002 -->
