<?xml version="1.0" encoding="UTF-8"?>
<!-- Generated by org.testng.reporters.JUnitReportReporter -->
<testsuite skipped="0" hostname="DESKTOP-HO72AL1" name="com.ecom.scripts.TC006" tests="1" failures="0" timestamp="2020-11-05T11:37:21 IST" time="18.973" errors="0">
  <testcase name="verifyTotalPrice" time="18.973" classname="com.ecom.scripts.TC006"/>
  <system-out/>
</testsuite> <!-- com.ecom.scripts.TC006 -->
