<?xml version="1.0" encoding="UTF-8"?>
<!-- Generated by org.testng.reporters.JUnitReportReporter -->
<testsuite skipped="0" hostname="DESKTOP-HO72AL1" name="com.ecom.scripts.TC003" tests="1" failures="0" timestamp="2020-10-12T18:45:42 IST" time="20.131" errors="0">
  <testcase name="addToCartMethod" time="20.131" classname="com.ecom.scripts.TC003"/>
  <system-out/>
</testsuite> <!-- com.ecom.scripts.TC003 -->
