<?xml version="1.0" encoding="UTF-8"?>
<!-- Generated by org.testng.reporters.JUnitReportReporter -->
<testsuite skipped="0" hostname="DESKTOP-HO72AL1" name="com.ecom.scripts.TC004" tests="1" failures="0" timestamp="2020-10-12T18:45:42 IST" time="37.122" errors="0">
  <testcase name="multipleProductCount" time="37.122" classname="com.ecom.scripts.TC004"/>
  <system-out/>
</testsuite> <!-- com.ecom.scripts.TC004 -->
