<?xml version="1.0" encoding="UTF-8"?>
<!-- Generated by org.testng.reporters.JUnitReportReporter -->
<testsuite skipped="0" hostname="DESKTOP-HO72AL1" name="com.ecom.scripts.TC004" tests="5" failures="0" timestamp="2020-10-13T09:55:59 IST" time="200.637" errors="0">
  <testcase name="multipleProductCount" time="39.002" classname="com.ecom.scripts.TC004"/>
  <system-out/>
  <testcase name="multipleProductCount" time="39.791" classname="com.ecom.scripts.TC004"/>
  <system-out/>
  <testcase name="multipleProductCount" time="48.561" classname="com.ecom.scripts.TC004"/>
  <system-out/>
  <testcase name="multipleProductCount" time="33.480" classname="com.ecom.scripts.TC004"/>
  <system-out/>
  <testcase name="multipleProductCount" time="39.803" classname="com.ecom.scripts.TC004"/>
  <system-out/>
</testsuite> <!-- com.ecom.scripts.TC004 -->
