<?xml version="1.0" encoding="UTF-8"?>
<!-- Generated by org.testng.reporters.JUnitReportReporter -->
<testsuite skipped="0" hostname="DESKTOP-HO72AL1" name="com.ecom.scripts.TC005" tests="1" failures="0" timestamp="2020-10-12T18:45:42 IST" time="21.480" errors="0">
  <testcase name="verifyingRightProductIsInTheKart" time="21.480" classname="com.ecom.scripts.TC005"/>
  <system-out/>
</testsuite> <!-- com.ecom.scripts.TC005 -->
