<?xml version="1.0" encoding="UTF-8"?>
<!-- Generated by org.testng.reporters.JUnitReportReporter -->
<testsuite skipped="0" hostname="DESKTOP-HO72AL1" name="com.ecom.scripts.TC001" tests="1" failures="0" timestamp="2020-10-12T18:43:15 IST" time="8.677" errors="0">
  <testcase name="validLogin" time="8.677" classname="com.ecom.scripts.TC001"/>
  <system-out/>
</testsuite> <!-- com.ecom.scripts.TC001 -->
