<?xml version="1.0" encoding="UTF-8"?>
<!-- Generated by org.testng.reporters.JUnitReportReporter -->
<testsuite skipped="0" hostname="DESKTOP-HO72AL1" name="com.ecom.scripts.TC002" tests="2" failures="0" timestamp="2020-10-07T17:55:38 IST" time="17.055" errors="0">
  <testcase name="Test3" time="12.776" classname="com.ecom.scripts.TC002"/>
  <system-out/>
  <testcase name="Test4" time="4.279" classname="com.ecom.scripts.TC002"/>
  <system-out/>
</testsuite> <!-- com.ecom.scripts.TC002 -->
