<?xml version="1.0" encoding="UTF-8"?>
<!-- Generated by org.testng.reporters.JUnitReportReporter -->
<testsuite skipped="0" hostname="DESKTOP-HO72AL1" name="com.ecom.scripts.TC001" tests="2" failures="0" timestamp="2020-10-07T17:55:38 IST" time="12.240" errors="0">
  <testcase name="Test2" time="4.199" classname="com.ecom.scripts.TC001"/>
  <system-out/>
  <testcase name="Test1" time="8.041" classname="com.ecom.scripts.TC001"/>
  <system-out/>
</testsuite> <!-- com.ecom.scripts.TC001 -->
