<?xml version="1.0" encoding="UTF-8"?>
<!-- Generated by org.testng.reporters.JUnitReportReporter -->
<testsuite skipped="0" hostname="DESKTOP-HO72AL1" name="com.ecom.scripts.TC004" tests="3" failures="0" timestamp="2020-10-12T14:14:32 IST" time="174.089" errors="0">
  <testcase name="multipleProductCount" time="54.479" classname="com.ecom.scripts.TC004"/>
  <system-out/>
  <testcase name="multipleProductCount" time="58.195" classname="com.ecom.scripts.TC004"/>
  <system-out/>
  <testcase name="multipleProductCount" time="61.415" classname="com.ecom.scripts.TC004"/>
  <system-out/>
</testsuite> <!-- com.ecom.scripts.TC004 -->
