<?xml version="1.0" encoding="UTF-8"?>
<!-- Generated by org.testng.reporters.JUnitReportReporter -->
<testsuite skipped="0" hostname="DESKTOP-HO72AL1" name="com.ecom.scripts.TC006" tests="3" failures="0" timestamp="2020-11-05T12:00:51 IST" time="218.061" errors="0">
  <testcase name="verifyTotalPrice" time="65.368" classname="com.ecom.scripts.TC006"/>
  <system-out/>
  <testcase name="verifyTotalPrice" time="71.356" classname="com.ecom.scripts.TC006"/>
  <system-out/>
  <testcase name="verifyTotalPrice" time="81.337" classname="com.ecom.scripts.TC006"/>
  <system-out/>
</testsuite> <!-- com.ecom.scripts.TC006 -->
