<?xml version="1.0" encoding="UTF-8"?>
<!-- Generated by org.testng.reporters.JUnitReportReporter -->
<testsuite skipped="0" hostname="DESKTOP-HO72AL1" name="com.ecom.scripts.TC003" tests="3" failures="0" timestamp="2020-10-12T18:08:02 IST" time="86.379" errors="0">
  <testcase name="addToCartMethod" time="26.920" classname="com.ecom.scripts.TC003"/>
  <system-out/>
  <testcase name="addToCartMethod" time="29.532" classname="com.ecom.scripts.TC003"/>
  <system-out/>
  <testcase name="addToCartMethod" time="29.927" classname="com.ecom.scripts.TC003"/>
  <system-out/>
</testsuite> <!-- com.ecom.scripts.TC003 -->
