<?xml version="1.0" encoding="UTF-8"?>
<!-- Generated by org.testng.reporters.JUnitReportReporter -->
<testsuite skipped="0" hostname="DESKTOP-HO72AL1" name="com.ecom.scripts.TC003" tests="3" failures="0" timestamp="2020-10-12T14:14:32 IST" time="80.100" errors="0">
  <testcase name="addToCartMethod" time="28.000" classname="com.ecom.scripts.TC003"/>
  <system-out/>
  <testcase name="addToCartMethod" time="26.756" classname="com.ecom.scripts.TC003"/>
  <system-out/>
  <testcase name="addToCartMethod" time="25.344" classname="com.ecom.scripts.TC003"/>
  <system-out/>
</testsuite> <!-- com.ecom.scripts.TC003 -->
