<?xml version="1.0" encoding="UTF-8"?>
<!-- Generated by org.testng.reporters.JUnitReportReporter -->
<testsuite skipped="0" hostname="DESKTOP-HO72AL1" name="com.ecom.scripts.TC005" tests="3" failures="0" timestamp="2020-10-12T18:08:02 IST" time="95.183" errors="0">
  <testcase name="verifyingRightProductIsInTheKart" time="32.868" classname="com.ecom.scripts.TC005"/>
  <system-out/>
  <testcase name="verifyingRightProductIsInTheKart" time="33.387" classname="com.ecom.scripts.TC005"/>
  <system-out/>
  <testcase name="verifyingRightProductIsInTheKart" time="28.928" classname="com.ecom.scripts.TC005"/>
  <system-out/>
</testsuite> <!-- com.ecom.scripts.TC005 -->
