<?xml version="1.0" encoding="UTF-8"?>
<!-- Generated by org.testng.reporters.JUnitReportReporter -->
<testsuite skipped="0" hostname="DESKTOP-HO72AL1" name="com.ecom.scripts.TC004" tests="3" failures="0" timestamp="2020-10-12T18:08:02 IST" time="190.191" errors="0">
  <testcase name="multipleProductCount" time="67.322" classname="com.ecom.scripts.TC004"/>
  <system-out/>
  <testcase name="multipleProductCount" time="65.432" classname="com.ecom.scripts.TC004"/>
  <system-out/>
  <testcase name="multipleProductCount" time="57.437" classname="com.ecom.scripts.TC004"/>
  <system-out/>
</testsuite> <!-- com.ecom.scripts.TC004 -->
