<?xml version="1.0" encoding="UTF-8"?>
<!-- Generated by org.testng.reporters.JUnitReportReporter -->
<testsuite skipped="0" hostname="DESKTOP-HO72AL1" name="com.ecom.scripts.TC001" tests="3" failures="0" timestamp="2020-10-12T17:05:48 IST" time="50.392" errors="0">
  <testcase name="validLogin" time="15.001" classname="com.ecom.scripts.TC001"/>
  <system-out/>
  <testcase name="validLogin" time="19.198" classname="com.ecom.scripts.TC001"/>
  <system-out/>
  <testcase name="validLogin" time="16.193" classname="com.ecom.scripts.TC001"/>
  <system-out/>
</testsuite> <!-- com.ecom.scripts.TC001 -->
