<?xml version="1.0" encoding="UTF-8"?>
<!-- Generated by org.testng.reporters.JUnitReportReporter -->
<testsuite skipped="0" hostname="DESKTOP-HO72AL1" name="com.ecom.scripts.TC007" tests="24" failures="0" timestamp="2020-12-07T14:06:10 IST" time="75.109" errors="0">
  <testcase name="negativeFtOnRegEmail" time="4.159" classname="com.ecom.scripts.TC007"/>
  <system-out/>
  <testcase name="negativeFtOnRegEmail" time="3.332" classname="com.ecom.scripts.TC007"/>
  <system-out/>
  <testcase name="negativeFtOnRegEmail" time="2.902" classname="com.ecom.scripts.TC007"/>
  <system-out/>
  <testcase name="negativeFtOnRegEmail" time="3.270" classname="com.ecom.scripts.TC007"/>
  <system-out/>
  <testcase name="negativeFtOnRegEmail" time="3.779" classname="com.ecom.scripts.TC007"/>
  <system-out/>
  <testcase name="negativeFtOnRegEmail" time="2.313" classname="com.ecom.scripts.TC007"/>
  <system-out/>
  <testcase name="negativeFtOnRegEmail" time="3.890" classname="com.ecom.scripts.TC007"/>
  <system-out/>
  <testcase name="negativeFtOnRegEmail" time="3.150" classname="com.ecom.scripts.TC007"/>
  <system-out/>
  <testcase name="negativeFtOnRegEmail" time="2.950" classname="com.ecom.scripts.TC007"/>
  <system-out/>
  <testcase name="negativeFtOnRegEmail" time="2.624" classname="com.ecom.scripts.TC007"/>
  <system-out/>
  <testcase name="negativeFtOnRegEmail" time="2.718" classname="com.ecom.scripts.TC007"/>
  <system-out/>
  <testcase name="negativeFtOnRegEmail" time="3.173" classname="com.ecom.scripts.TC007"/>
  <system-out/>
  <testcase name="negativeFtOnRegEmail" time="3.511" classname="com.ecom.scripts.TC007"/>
  <system-out/>
  <testcase name="negativeFtOnRegEmail" time="3.411" classname="com.ecom.scripts.TC007"/>
  <system-out/>
  <testcase name="negativeFtOnRegEmail" time="2.625" classname="com.ecom.scripts.TC007"/>
  <system-out/>
  <testcase name="negativeFtOnRegEmail" time="3.444" classname="com.ecom.scripts.TC007"/>
  <system-out/>
  <testcase name="negativeFtOnRegEmail" time="2.698" classname="com.ecom.scripts.TC007"/>
  <system-out/>
  <testcase name="ftOnRegEmail" time="2.177" classname="com.ecom.scripts.TC007"/>
  <system-out/>
  <testcase name="negativeFtOnRegEmail" time="3.917" classname="com.ecom.scripts.TC007"/>
  <system-out/>
  <testcase name="ftOnRegEmail" time="2.117" classname="com.ecom.scripts.TC007"/>
  <system-out/>
  <testcase name="negativeFtOnRegEmail" time="3.052" classname="com.ecom.scripts.TC007"/>
  <system-out/>
  <testcase name="negativeFtOnRegEmail" time="2.880" classname="com.ecom.scripts.TC007"/>
  <system-out/>
  <testcase name="ftOnRegEmail" time="4.298" classname="com.ecom.scripts.TC007"/>
  <system-out/>
  <testcase name="negativeFtOnRegEmail" time="2.719" classname="com.ecom.scripts.TC007"/>
  <system-out/>
</testsuite> <!-- com.ecom.scripts.TC007 -->
